<?xml version="1.0" encoding="UTF-8"?>
<!-- Generated by org.testng.reporters.JUnitReportReporter -->
<testsuite hostname="Ashishs-Air.lan" failures="0" tests="1" name="HealeniumTest" time="30.500" errors="0" timestamp="12 Aug 2024 16:42:50 GMT" skipped="0">
  <testcase classname="HealeniumTest" name="testCheckoutWithAllFields" time="30.500"/>
</testsuite> <!-- HealeniumTest -->
